*** Starting uWSGI 2.0.15 (64bit) on [Fri Dec 15 11:14:57 2017] ***
compiled with version: 5.4.0 20160609 on 15 December 2017 09:45:00
os: Linux-4.10.0-37-generic #41~16.04.1-Ubuntu SMP Fri Oct 6 22:42:59 UTC 2017
nodename: ubuntu
machine: x86_64
clock source: unix
pcre jit disabled
detected number of CPU cores: 2
current working directory: /home/atguigu/workspace/pro/bookstore
writing pidfile to uwsgi.pid
detected binary path: /home/atguigu/workspace/venv1/bin/uwsgi
chdir() to /home/atguigu/workspace/pro/bookstore
your processes number limit is 11776
your memory page size is 4096 bytes
detected max file descriptor number: 1048576
lock engine: pthread robust mutexes
thunder lock: disabled (you can enable it with --thunder-lock)
probably another instance of uWSGI is running on the same address (127.0.0.1:9001).
bind(): Address already in use [core/socket.c line 769]
*** Starting uWSGI 2.0.15 (64bit) on [Fri Dec 15 11:17:48 2017] ***
compiled with version: 5.4.0 20160609 on 15 December 2017 09:45:00
os: Linux-4.10.0-37-generic #41~16.04.1-Ubuntu SMP Fri Oct 6 22:42:59 UTC 2017
nodename: ubuntu
machine: x86_64
clock source: unix
pcre jit disabled
detected number of CPU cores: 2
current working directory: /home/atguigu/workspace/pro/bookstore
writing pidfile to uwsgi.pid
detected binary path: /home/atguigu/workspace/venv1/bin/uwsgi
chdir() to /home/atguigu/workspace/pro/bookstore
your processes number limit is 11776
your memory page size is 4096 bytes
detected max file descriptor number: 1048576
lock engine: pthread robust mutexes
thunder lock: disabled (you can enable it with --thunder-lock)
probably another instance of uWSGI is running on the same address (127.0.0.1:9001).
bind(): Address already in use [core/socket.c line 769]
*** Starting uWSGI 2.0.15 (64bit) on [Fri Dec 15 11:18:02 2017] ***
compiled with version: 5.4.0 20160609 on 15 December 2017 09:45:00
os: Linux-4.10.0-37-generic #41~16.04.1-Ubuntu SMP Fri Oct 6 22:42:59 UTC 2017
nodename: ubuntu
machine: x86_64
clock source: unix
pcre jit disabled
detected number of CPU cores: 2
current working directory: /home/atguigu/workspace/pro/bookstore
writing pidfile to uwsgi.pid
detected binary path: /home/atguigu/workspace/venv1/bin/uwsgi
chdir() to /home/atguigu/workspace/pro/bookstore
your processes number limit is 11776
your memory page size is 4096 bytes
detected max file descriptor number: 1048576
lock engine: pthread robust mutexes
thunder lock: disabled (you can enable it with --thunder-lock)
probably another instance of uWSGI is running on the same address (127.0.0.1:9001).
bind(): Address already in use [core/socket.c line 769]
*** Starting uWSGI 2.0.15 (64bit) on [Fri Dec 15 11:43:07 2017] ***
compiled with version: 5.4.0 20160609 on 15 December 2017 09:45:00
os: Linux-4.10.0-37-generic #41~16.04.1-Ubuntu SMP Fri Oct 6 22:42:59 UTC 2017
nodename: ubuntu
machine: x86_64
clock source: unix
pcre jit disabled
detected number of CPU cores: 2
current working directory: /home/atguigu/workspace/pro/bookstore
writing pidfile to uwsgi.pid
detected binary path: /home/atguigu/workspace/venv1/bin/uwsgi
chdir() to /home/atguigu/workspace/pro/bookstore
your processes number limit is 11776
your memory page size is 4096 bytes
detected max file descriptor number: 1048576
lock engine: pthread robust mutexes
thunder lock: disabled (you can enable it with --thunder-lock)
probably another instance of uWSGI is running on the same address (127.0.0.1:9001).
bind(): Address already in use [core/socket.c line 769]
*** Starting uWSGI 2.0.15 (64bit) on [Fri Dec 15 12:31:10 2017] ***
compiled with version: 5.4.0 20160609 on 15 December 2017 09:45:00
os: Linux-4.10.0-37-generic #41~16.04.1-Ubuntu SMP Fri Oct 6 22:42:59 UTC 2017
nodename: ubuntu
machine: x86_64
clock source: unix
pcre jit disabled
detected number of CPU cores: 2
current working directory: /home/atguigu/workspace/pro/bookstore
writing pidfile to uwsgi.pid
detected binary path: /home/atguigu/workspace/venv1/bin/uwsgi
chdir() to /home/atguigu/workspace/pro/bookstore
your processes number limit is 11776
your memory page size is 4096 bytes
detected max file descriptor number: 1048576
lock engine: pthread robust mutexes
thunder lock: disabled (you can enable it with --thunder-lock)
uwsgi socket 0 bound to TCP address 127.0.0.1:9001 fd 3
Python version: 3.5.2 (default, Nov 23 2017, 16:37:01)  [GCC 5.4.0 20160609]
Set PythonHome to /home/atguigu/workspace/venv1
Python main interpreter initialized at 0x1c4b8d0
python threads support enabled
your server socket listen backlog is limited to 100 connections
your mercy for graceful operations on workers is 60 seconds
mapped 415280 bytes (405 KB) for 8 cores
*** Operational MODE: preforking+threaded ***
unable to load app 0 (mountpoint='') (callable not found or import error)
WSGI app 0 (mountpoint='') ready in 4 seconds on interpreter 0x1c4b8d0 pid: 2580 (default app)
*** uWSGI is running in multiple interpreter mode ***
spawned uWSGI master process (pid: 2580)
spawned uWSGI worker 1 (pid: 2588, cores: 2)
spawned uWSGI worker 2 (pid: 2589, cores: 2)
spawned uWSGI worker 3 (pid: 2590, cores: 2)
spawned uWSGI worker 4 (pid: 2591, cores: 2)
Not Found: /
[pid: 2589|app: 0|req: 1/1] 127.0.0.1 () {40 vars in 668 bytes} [Fri Dec 15 04:32:35 2017] GET / => generated 2120 bytes in 78 msecs (HTTP/1.1 404) 2 headers in 80 bytes (1 switches on core 0)
Not Found: /favicon.ico
[pid: 2588|app: 0|req: 1/2] 127.0.0.1 () {40 vars in 647 bytes} [Fri Dec 15 04:32:35 2017] GET /favicon.ico => generated 2153 bytes in 72 msecs (HTTP/1.1 404) 2 headers in 80 bytes (1 switches on core 0)
[pid: 2589|app: 0|req: 2/3] 127.0.0.1 () {40 vars in 696 bytes} [Fri Dec 15 04:32:47 2017] GET /users/register => generated 0 bytes in 4 msecs (HTTP/1.1 301) 2 headers in 102 bytes (1 switches on core 1)
[pid: 2589|app: 0|req: 3/4] 127.0.0.1 () {40 vars in 698 bytes} [Fri Dec 15 04:32:47 2017] GET /users/register/ => generated 3871 bytes in 131 msecs (HTTP/1.1 200) 2 headers in 88 bytes (1 switches on core 0)
[pid: 2591|app: 0|req: 1/5] 127.0.0.1 () {42 vars in 745 bytes} [Fri Dec 15 04:35:36 2017] GET /users/login/ => generated 3738 bytes in 173 msecs (HTTP/1.1 200) 2 headers in 88 bytes (1 switches on core 0)
*** Starting uWSGI 2.0.15 (64bit) on [Fri Dec 15 14:21:22 2017] ***
compiled with version: 5.4.0 20160609 on 15 December 2017 09:45:00
os: Linux-4.10.0-37-generic #41~16.04.1-Ubuntu SMP Fri Oct 6 22:42:59 UTC 2017
nodename: ubuntu
machine: x86_64
clock source: unix
pcre jit disabled
detected number of CPU cores: 2
current working directory: /home/atguigu/workspace/pro/bookstore
writing pidfile to uwsgi.pid
detected binary path: /home/atguigu/workspace/venv1/bin/uwsgi
chdir() to /home/atguigu/workspace/pro/bookstore
your processes number limit is 11776
your memory page size is 4096 bytes
detected max file descriptor number: 1048576
lock engine: pthread robust mutexes
thunder lock: disabled (you can enable it with --thunder-lock)
probably another instance of uWSGI is running on the same address (127.0.0.1:9001).
bind(): Address already in use [core/socket.c line 769]
Not Found: /
[pid: 2590|app: 0|req: 1/6] 127.0.0.1 () {40 vars in 668 bytes} [Fri Dec 15 06:21:40 2017] GET / => generated 2120 bytes in 88 msecs (HTTP/1.1 404) 2 headers in 80 bytes (1 switches on core 0)
[pid: 2589|app: 0|req: 4/7] 127.0.0.1 () {40 vars in 698 bytes} [Fri Dec 15 06:21:58 2017] GET /users/register/ => generated 3871 bytes in 232 msecs (HTTP/1.1 200) 2 headers in 88 bytes (1 switches on core 1)
